%!Adobe-FontList 1.20
%Locale:0x413

%BeginFont
Handler:DirectoryHandler
FontType:Invalid
OutlineFileName:C:\Users\Carli\Documents\CMGT\Art Party 010 edition\website\Font\OpenSans-Regular.woff
FileModTime:1538557289
%EndFont

%BeginFont
Handler:DirectoryHandler
FontType:Invalid
OutlineFileName:C:\Users\Carli\Documents\CMGT\Art Party 010 edition\website\Font\Raleway-Bold.woff
FileModTime:1538382306
%EndFont

%BeginFont
Handler:DirectoryHandler
FontType:Invalid
OutlineFileName:C:\Users\Carli\Documents\CMGT\Art Party 010 edition\website\Font\Raleway-Light.woff
FileModTime:1538382329
%EndFont

%BeginFont
Handler:DirectoryHandler
FontType:Invalid
OutlineFileName:C:\Users\Carli\Documents\CMGT\Art Party 010 edition\website\Font\Raleway-Regular.woff
FileModTime:1538382314
%EndFont

